[2016-10-25 11:31] [PACMAN] Running 'pacman -Syu --root /tmp/newmsys/msys64'
[2016-10-25 11:31] [PACMAN] synchronizing package lists
[2016-10-25 11:31] [PACMAN] starting core system upgrade
[2016-10-25 11:31] [PACMAN] starting full system upgrade
[2016-10-25 11:31] [PACMAN] Running 'pacman -S --noconfirm --root /tmp/newmsys/msys64 base'
[2016-10-25 11:32] [ALPM] transaction started
[2016-10-25 11:32] [ALPM] installed msys2-runtime (2.6.0-1)
[2016-10-25 11:32] [ALPM] installed bash (4.3.046-1)
[2016-10-25 11:32] [ALPM] installed bash-completion (2.3-1)
[2016-10-25 11:32] [ALPM] installed gcc-libs (5.3.0-3)
[2016-10-25 11:32] [ALPM] installed libbz2 (1.0.6-2)
[2016-10-25 11:32] [ALPM] installed libiconv (1.14-2)
[2016-10-25 11:32] [ALPM] installed libintl (0.19.7-3)
[2016-10-25 11:32] [ALPM] installed libgettextpo (0.19.7-3)
[2016-10-25 11:32] [ALPM] installed libasprintf (0.19.7-3)
[2016-10-25 11:32] [ALPM] installed gettext (0.19.7-3)
[2016-10-25 11:32] [ALPM] installed liblzma (5.2.2-1)
[2016-10-25 11:32] [ALPM] installed liblzo2 (2.09-1)
[2016-10-25 11:32] [ALPM] installed gmp (6.1.0-2)
[2016-10-25 11:32] [ALPM] installed libnettle (3.3-1)
[2016-10-25 11:32] [ALPM] installed coreutils (8.25-1)
[2016-10-25 11:32] [ALPM] installed ncurses (6.0.20161001-1)
[2016-10-25 11:32] [ALPM] installed libreadline (6.3.008-7)
[2016-10-25 11:32] [ALPM] installed zlib (1.2.8-3)
[2016-10-25 11:32] [ALPM] installed libxml2 (2.9.2-2)
[2016-10-25 11:32] [ALPM] installed bsdcpio (3.2.1-1)
[2016-10-25 11:32] [ALPM] installed bsdtar (3.2.1-1)
[2016-10-25 11:32] [ALPM] installed bzip2 (1.0.6-2)
[2016-10-25 11:32] [ALPM] installed libcatgets (1.1-2)
[2016-10-25 11:32] [ALPM] installed catgets (1.1-2)
[2016-10-25 11:32] [ALPM] installed libcrypt (1.3-1)
[2016-10-25 11:32] [ALPM] installed crypt (1.3-1)
[2016-10-25 11:32] [ALPM] installed libopenssl (1.0.2.j-1)
[2016-10-25 11:32] [ALPM] installed openssl (1.0.2.j-1)
[2016-10-25 11:32] [ALPM] installed findutils (4.6.0-1)
[2016-10-25 11:32] [ALPM] installed sed (4.2.2-2)
[2016-10-25 11:32] [ALPM] installed libffi (3.2.1-1)
[2016-10-25 11:32] [ALPM] installed libpcre (8.38-1)
[2016-10-25 11:32] [ALPM] installed less (481-1)
[2016-10-25 11:32] [ALPM] installed gzip (1.8-1)
[2016-10-25 11:32] [ALPM] installed info (6.1-1)
[2016-10-25 11:32] [ALPM] installed libtasn1 (4.9-1)
[2016-10-25 11:32] [ALPM] installed libp11-kit (0.23.2-1)
[2016-10-25 11:32] [ALPM] installed p11-kit (0.23.2-1)
[2016-10-25 11:32] [ALPM] installed ca-certificates (20150426-1)
[2016-10-25 11:32] [ALPM] installed libdb (5.3.28-2)
[2016-10-25 11:32] [ALPM] installed libedit (3.1-20150325)
[2016-10-25 11:32] [ALPM] installed icu (56.1-1)
[2016-10-25 11:32] [ALPM] installed libsqlite (3.10.0.0-1)
[2016-10-25 11:32] [ALPM] installed heimdal-libs (1.5.3-9)
[2016-10-25 11:32] [ALPM] installed libidn (1.33-1)
[2016-10-25 11:32] [ALPM] installed libexpat (2.2.0-1)
[2016-10-25 11:32] [ALPM] installed libmetalink (0.1.2-2)
[2016-10-25 11:32] [ALPM] installed libssh2 (1.7.0-1)
[2016-10-25 11:32] [ALPM] installed libcurl (7.50.3-1)
[2016-10-25 11:32] [ALPM] installed curl (7.50.3-1)
[2016-10-25 11:32] [ALPM] installed filesystem (2016.07-2)
[2016-10-25 11:32] [ALPM] installed grep (2.26-1)
[2016-10-25 11:32] [ALPM] installed dash (0.5.9.1-1)
[2016-10-25 11:32] [ALPM] installed file (5.28-2)
[2016-10-25 11:32] [ALPM] installed m4 (1.4.17-4)
[2016-10-25 11:32] [ALPM] installed flex (2.6.1-1)
[2016-10-25 11:32] [ALPM] installed mpfr (3.1.4-1)
[2016-10-25 11:32] [ALPM] installed gawk (4.1.4-1)
[2016-10-25 11:32] [ALPM] installed tftp-hpa (5.2-1)
[2016-10-25 11:32] [ALPM] installed inetutils (1.9.2-1)
[2016-10-25 11:32] [ALPM] installed lndir (1.0.3-1)
[2016-10-25 11:32] [ALPM] installed mintty (1~2.6.2-1)
[2016-10-25 11:32] [ALPM] installed msys2-keyring (r9.397a52e-1)
[2016-10-25 11:32] [ALPM] installed msys2-launcher-git (0.3.32.56c2ba7-2)
[2016-10-25 11:32] [ALPM] installed gnupg (1.4.20-1)
[2016-10-25 11:32] [ALPM-SCRIPTLET] rm: ошибка получения атрибутов '/': No such file or directory
[2016-10-25 11:32] [ALPM-SCRIPTLET] /tmp/alpm_gpOcJc/.INSTALL: line 11: pacman-key: команда не найдена
[2016-10-25 11:32] [ALPM-SCRIPTLET] /tmp/alpm_gpOcJc/.INSTALL: line 12: pacman-key: команда не найдена
[2016-10-25 11:32] [ALPM] installed pacman-mirrors (20160112-1)
[2016-10-25 11:32] [ALPM] installed which (2.21-2)
[2016-10-25 11:32] [ALPM] installed xz (5.2.2-1)
[2016-10-25 11:32] [ALPM] installed pacman (5.0.1-1)
[2016-10-25 11:32] [ALPM] installed libarchive (3.2.1-1)
[2016-10-25 11:32] [ALPM] installed libpcre16 (8.38-1)
[2016-10-25 11:32] [ALPM] installed libpcre32 (8.38-1)
[2016-10-25 11:32] [ALPM] installed libpcrecpp (8.38-1)
[2016-10-25 11:32] [ALPM] installed libpcreposix (8.38-1)
[2016-10-25 11:32] [ALPM] installed pcre (8.38-1)
[2016-10-25 11:32] [ALPM] installed pkgfile (15-1)
[2016-10-25 11:32] [ALPM-SCRIPTLET] ==> Run 'pkgfile --update' to initialize the database
[2016-10-25 11:32] [ALPM] installed libgpg-error (1.23-1)
[2016-10-25 11:32] [ALPM] installed libassuan (2.4.2-1)
[2016-10-25 11:32] [ALPM] installed libgpgme (1.6.0-1)
[2016-10-25 11:32] [ALPM] installed libutil-linux (2.26.2-1)
[2016-10-25 11:32] [ALPM] installed wget (1.18-1)
[2016-10-25 11:32] [ALPM] installed pactoys-git (r2.07ca37f-1)
[2016-10-25 11:32] [ALPM] installed pax-git (20140703.2.1.g469552a-1)
[2016-10-25 11:32] [ALPM] installed rebase (4.4.2-1)
[2016-10-25 11:32] [ALPM] installed time (1.7-1)
[2016-10-25 11:32] [ALPM] installed ttyrec (1.0.8-1)
[2016-10-25 11:32] [ALPM] installed tzcode (2015.e-1)
[2016-10-25 11:32] [ALPM] installed util-linux (2.26.2-1)
[2016-10-25 11:32] [ALPM] transaction completed
[2017-02-13 14:31] [PACMAN] Running 'pacman -Su make git cmake tar mingw64/mingw-w64-x86_64-libwinpthread-git'
[2017-02-13 14:31] [PACMAN] starting core system upgrade
[2017-02-13 14:31] [PACMAN] starting full system upgrade
[2017-02-13 14:32] [ALPM] transaction started
[2017-02-13 14:32] [ALPM] installed make (4.2.1-1)
[2017-02-13 14:32] [ALPM] installed expat (2.2.0-1)
[2017-02-13 14:32] [ALPM] installed vim (8.0.0027-1)
[2017-02-13 14:32] [ALPM] installed heimdal (1.5.3-9)
[2017-02-13 14:32] [ALPM] installed openssh (7.3p1-2)
[2017-02-13 14:32] [ALPM] installed db (5.3.28-2)
[2017-02-13 14:32] [ALPM] installed libgdbm (1.11-3)
[2017-02-13 14:32] [ALPM] installed gdbm (1.11-3)
[2017-02-13 14:32] [ALPM] installed perl (5.22.1-1)
[2017-02-13 14:32] [ALPM] installed perl-Error (0.17024-1)
[2017-02-13 14:32] [ALPM] installed perl-Authen-SASL (2.16-2)
[2017-02-13 14:32] [ALPM] installed perl-Encode-Locale (1.04-1)
[2017-02-13 14:32] [ALPM] installed perl-HTTP-Date (6.02-2)
[2017-02-13 14:32] [ALPM] installed perl-File-Listing (6.04-2)
[2017-02-13 14:32] [ALPM] installed perl-HTML-Tagset (3.20-2)
[2017-02-13 14:32] [ALPM] installed perl-HTML-Parser (3.71-3)
[2017-02-13 14:32] [ALPM] installed perl-LWP-MediaTypes (6.02-2)
[2017-02-13 14:32] [ALPM] installed perl-URI (1.68-1)
[2017-02-13 14:32] [ALPM] installed perl-HTTP-Message (6.06-2)
[2017-02-13 14:32] [ALPM] installed perl-HTTP-Cookies (6.01-2)
[2017-02-13 14:32] [ALPM] installed perl-HTTP-Daemon (6.01-2)
[2017-02-13 14:32] [ALPM] installed perl-HTTP-Negotiate (6.01-2)
[2017-02-13 14:32] [ALPM] installed perl-Net-HTTP (6.09-1)
[2017-02-13 14:32] [ALPM] installed perl-WWW-RobotRules (6.02-2)
[2017-02-13 14:32] [ALPM] installed perl-libwww (6.13-1)
[2017-02-13 14:32] [ALPM] installed perl-TimeDate (2.30-2)
[2017-02-13 14:32] [ALPM] installed perl-MailTools (2.14-1)
[2017-02-13 14:32] [ALPM] installed perl-IO-stringy (2.111-1)
[2017-02-13 14:32] [ALPM] installed perl-Convert-BinHex (1.123-2)
[2017-02-13 14:32] [ALPM-SCRIPTLET] module test... pass.
[2017-02-13 14:32] [ALPM] installed perl-MIME-tools (5.506-1)
[2017-02-13 14:32] [ALPM] installed perl-Net-SSLeay (1.72-1)
[2017-02-13 14:32] [ALPM] installed perl-IO-Socket-SSL (2.016-1)
[2017-02-13 14:32] [ALPM] installed perl-Net-SMTP-SSL (1.02-1)
[2017-02-13 14:32] [ALPM] installed perl-TermReadKey (2.33-1)
[2017-02-13 14:32] [ALPM] installed git (2.10.1-1)
[2017-02-13 14:32] [ALPM] installed libgcrypt (1.6.4-1)
[2017-02-13 14:32] [ALPM] installed libxslt (1.1.28-7)
[2017-02-13 14:32] [ALPM] installed glib2 (2.48.0-1)
[2017-02-13 14:32] [ALPM] installed pkg-config (0.29.1-1)
[2017-02-13 14:32] [ALPM] installed cmake (3.6.2-1)
[2017-02-13 14:32] [ALPM] installed tar (1.29-1)
[2017-02-13 14:32] [ALPM] installed mingw-w64-x86_64-libwinpthread-git (5.0.0.4741.2c8939a-1)
[2017-02-13 14:32] [ALPM] transaction completed
